<?xml version="1.0" encoding="UTF-8"?>
<!-- Generated by org.testng.reporters.JUnitReportReporter -->
<testsuite skipped="0" hostname="dhirendra349101" name="Test.LoginTest" tests="1" failures="0" timestamp="17 Apr 2018 13:07:51 GMT" time="39.917" errors="0">
  <testcase name="loginTest" time="39.917" classname="Test.LoginTest"/>
</testsuite> <!-- Test.LoginTest -->
